{"name": "test_tc_crud_002", "status": "failed", "statusDetails": {"message": "AssertionError: Expected code '201' actual is :422\nassert 422 == 201\n +  where 422 = <Response [422]>.status_code", "trace": "self = <tests.test_crud_operations.TestCrudOperation object at 0x0000022361A83730>\ngorest_url = 'https://gorest.co.in/public/v2/users'\n\n    @pytest.mark.test\n    @pytest.mark.req_res\n    @pytest.mark.crud_operation\n    def test_tc_crud_002(self, gorest_url):\n        jsonbody = get_json('gorest_create_user.json')\n        response = send_request(\"POST\", gorest_url, get_headers('bearer'), json=jsonbody)\n        jsonResponse = response.json()\n    \n        # expected_data = map_to_dto(jsonResponse)\n>       assert response.status_code == 201, f\"Expected code '201' actual is :{response.status_code}\"\nE       AssertionError: Expected code '201' actual is :422\nE       assert 422 == 201\nE        +  where 422 = <Response [422]>.status_code\n\ntests\\test_crud_operations.py:43: AssertionError"}, "attachments": [{"name": "log", "source": "38d6705e-e4c1-4665-9630-6916240322a2-attachment.txt", "type": "text/plain"}], "start": 1754322199965, "stop": 1754322200409, "uuid": "963a1f82-2d0c-4286-a8e7-61b44483249a", "historyId": "4515562c50aad4e0b40a3fb950465b1c", "testCaseId": "4515562c50aad4e0b40a3fb950465b1c", "fullName": "tests.test_crud_operations.TestCrudOperation#test_tc_crud_002", "labels": [{"name": "tag", "value": "crud_operation"}, {"name": "tag", "value": "req_res"}, {"name": "tag", "value": "test"}, {"name": "parentSuite", "value": "tests"}, {"name": "suite", "value": "test_crud_operations"}, {"name": "subSuite", "value": "TestCrudOperation"}, {"name": "host", "value": "DESKTOP-V66RFA9"}, {"name": "thread", "value": "2068-MainThread"}, {"name": "framework", "value": "pytest"}, {"name": "language", "value": "cpython3"}, {"name": "package", "value": "tests.test_crud_operations"}], "titlePath": ["tests", "test_crud_operations.py", "TestCrudOperation"]}